[1506225600] LOG ROTATION: DAILY
[1506225600] LOG VERSION: 2.0
[1506225600] CURRENT HOST STATE: localhost;UP;HARD;1;PING OK - Packet loss = 0%, RTA = 0.10 ms
[1506225600] CURRENT SERVICE STATE: localhost;Current Load;OK;HARD;1;OK - load average: 0.11, 0.08, 0.03
[1506225600] CURRENT SERVICE STATE: localhost;Current Users;OK;HARD;1;USERS OK - 1 users currently logged in
[1506225600] CURRENT SERVICE STATE: localhost;HTTP;OK;HARD;1;HTTP OK: HTTP/1.1 200 OK - 11595 bytes in 0.001 second response time
[1506225600] CURRENT SERVICE STATE: localhost;PING;OK;HARD;1;PING OK - Packet loss = 0%, RTA = 0.11 ms
[1506225600] CURRENT SERVICE STATE: localhost;Root Partition;OK;HARD;1;DISK OK - free space: / 114012 MB (95.45% inode=97%):
[1506225600] CURRENT SERVICE STATE: localhost;SSH;CRITICAL;HARD;4;connect to address 127.0.0.1 and port 22: Connection refused
[1506225600] CURRENT SERVICE STATE: localhost;Swap Usage;OK;HARD;1;SWAP OK - 100% free (2045 MB out of 2045 MB)
[1506225600] CURRENT SERVICE STATE: localhost;Total Processes;OK;HARD;1;PROCS OK: 52 processes with STATE = RSZDT
[1506226409] Auto-save of retention data completed successfully.
[1506230009] Auto-save of retention data completed successfully.
[1506233609] Auto-save of retention data completed successfully.
[1506237209] Auto-save of retention data completed successfully.
[1506240809] Auto-save of retention data completed successfully.
[1506244409] Auto-save of retention data completed successfully.
[1506248009] Auto-save of retention data completed successfully.
[1506251609] Auto-save of retention data completed successfully.
[1506255209] Auto-save of retention data completed successfully.
[1506258809] Auto-save of retention data completed successfully.
[1506262409] Auto-save of retention data completed successfully.
[1506266009] Auto-save of retention data completed successfully.
[1506269609] Auto-save of retention data completed successfully.
[1506273209] Auto-save of retention data completed successfully.
[1506276809] Auto-save of retention data completed successfully.
[1506280409] Auto-save of retention data completed successfully.
[1506284009] Auto-save of retention data completed successfully.
[1506287609] Auto-save of retention data completed successfully.
[1506291209] Auto-save of retention data completed successfully.
[1506294809] Auto-save of retention data completed successfully.
[1506298409] Auto-save of retention data completed successfully.
[1506302009] Auto-save of retention data completed successfully.
[1506305609] Auto-save of retention data completed successfully.
[1506309209] Auto-save of retention data completed successfully.
