[1505966400] LOG ROTATION: DAILY
[1505966400] LOG VERSION: 2.0
[1505966400] CURRENT HOST STATE: localhost;UP;HARD;1;PING OK - Packet loss = 0%, RTA = 0.12 ms
[1505966400] CURRENT SERVICE STATE: localhost;Current Load;OK;HARD;1;OK - load average: 0.32, 0.28, 0.27
[1505966400] CURRENT SERVICE STATE: localhost;Current Users;OK;HARD;1;USERS OK - 1 users currently logged in
[1505966400] CURRENT SERVICE STATE: localhost;HTTP;OK;HARD;1;HTTP OK: HTTP/1.1 200 OK - 11595 bytes in 0.005 second response time
[1505966400] CURRENT SERVICE STATE: localhost;PING;OK;HARD;1;PING OK - Packet loss = 0%, RTA = 0.11 ms
[1505966400] CURRENT SERVICE STATE: localhost;Root Partition;OK;HARD;1;DISK OK - free space: / 114022 MB (95.45% inode=97%):
[1505966400] CURRENT SERVICE STATE: localhost;SSH;CRITICAL;HARD;4;connect to address 127.0.0.1 and port 22: Connection refused
[1505966400] CURRENT SERVICE STATE: localhost;Swap Usage;OK;HARD;1;SWAP OK - 100% free (2045 MB out of 2045 MB)
[1505966400] CURRENT SERVICE STATE: localhost;Total Processes;OK;HARD;1;PROCS OK: 55 processes with STATE = RSZDT
[1505967209] Auto-save of retention data completed successfully.
[1505970809] Auto-save of retention data completed successfully.
[1505974409] Auto-save of retention data completed successfully.
[1505978009] Auto-save of retention data completed successfully.
[1505981609] Auto-save of retention data completed successfully.
[1505985209] Auto-save of retention data completed successfully.
[1505988809] Auto-save of retention data completed successfully.
[1505992409] Auto-save of retention data completed successfully.
[1505996009] Auto-save of retention data completed successfully.
[1505999609] Auto-save of retention data completed successfully.
[1506003209] Auto-save of retention data completed successfully.
[1506006809] Auto-save of retention data completed successfully.
[1506010409] Auto-save of retention data completed successfully.
[1506014009] Auto-save of retention data completed successfully.
[1506017609] Auto-save of retention data completed successfully.
[1506021209] Auto-save of retention data completed successfully.
[1506024809] Auto-save of retention data completed successfully.
[1506028409] Auto-save of retention data completed successfully.
[1506032009] Auto-save of retention data completed successfully.
[1506035609] Auto-save of retention data completed successfully.
[1506039209] Auto-save of retention data completed successfully.
[1506042809] Auto-save of retention data completed successfully.
[1506046409] Auto-save of retention data completed successfully.
[1506050009] Auto-save of retention data completed successfully.
