[1506139200] LOG ROTATION: DAILY
[1506139200] LOG VERSION: 2.0
[1506139200] CURRENT HOST STATE: localhost;UP;HARD;1;PING OK - Packet loss = 0%, RTA = 0.11 ms
[1506139200] CURRENT SERVICE STATE: localhost;Current Load;OK;HARD;1;OK - load average: 0.01, 0.03, 0.00
[1506139200] CURRENT SERVICE STATE: localhost;Current Users;OK;HARD;1;USERS OK - 1 users currently logged in
[1506139200] CURRENT SERVICE STATE: localhost;HTTP;OK;HARD;1;HTTP OK: HTTP/1.1 200 OK - 11595 bytes in 0.001 second response time
[1506139200] CURRENT SERVICE STATE: localhost;PING;OK;HARD;1;PING OK - Packet loss = 0%, RTA = 0.10 ms
[1506139200] CURRENT SERVICE STATE: localhost;Root Partition;OK;HARD;1;DISK OK - free space: / 114011 MB (95.44% inode=97%):
[1506139200] CURRENT SERVICE STATE: localhost;SSH;CRITICAL;HARD;4;connect to address 127.0.0.1 and port 22: Connection refused
[1506139200] CURRENT SERVICE STATE: localhost;Swap Usage;OK;HARD;1;SWAP OK - 100% free (2045 MB out of 2045 MB)
[1506139200] CURRENT SERVICE STATE: localhost;Total Processes;OK;HARD;1;PROCS OK: 54 processes with STATE = RSZDT
[1506140009] Auto-save of retention data completed successfully.
[1506143609] Auto-save of retention data completed successfully.
[1506147209] Auto-save of retention data completed successfully.
[1506150809] Auto-save of retention data completed successfully.
[1506154409] Auto-save of retention data completed successfully.
[1506158009] Auto-save of retention data completed successfully.
[1506161609] Auto-save of retention data completed successfully.
[1506165209] Auto-save of retention data completed successfully.
[1506168809] Auto-save of retention data completed successfully.
[1506172409] Auto-save of retention data completed successfully.
[1506176009] Auto-save of retention data completed successfully.
[1506179609] Auto-save of retention data completed successfully.
[1506183209] Auto-save of retention data completed successfully.
[1506186809] Auto-save of retention data completed successfully.
[1506190409] Auto-save of retention data completed successfully.
[1506194009] Auto-save of retention data completed successfully.
[1506197609] Auto-save of retention data completed successfully.
[1506201209] Auto-save of retention data completed successfully.
[1506204808] Auto-save of retention data completed successfully.
[1506208409] Auto-save of retention data completed successfully.
[1506212009] Auto-save of retention data completed successfully.
[1506215609] Auto-save of retention data completed successfully.
[1506219209] Auto-save of retention data completed successfully.
[1506222809] Auto-save of retention data completed successfully.
