[1506398400] LOG ROTATION: DAILY
[1506398400] LOG VERSION: 2.0
[1506398400] CURRENT HOST STATE: localhost;UP;HARD;1;PING OK - Packet loss = 0%, RTA = 0.12 ms
[1506398400] CURRENT SERVICE STATE: localhost;Current Load;OK;HARD;1;OK - load average: 0.02, 0.02, 0.00
[1506398400] CURRENT SERVICE STATE: localhost;Current Users;OK;HARD;1;USERS OK - 1 users currently logged in
[1506398400] CURRENT SERVICE STATE: localhost;HTTP;OK;HARD;1;HTTP OK: HTTP/1.1 200 OK - 11595 bytes in 0.001 second response time
[1506398400] CURRENT SERVICE STATE: localhost;PING;OK;HARD;1;PING OK - Packet loss = 0%, RTA = 0.11 ms
[1506398400] CURRENT SERVICE STATE: localhost;Root Partition;OK;HARD;1;DISK OK - free space: / 114011 MB (95.44% inode=97%):
[1506398400] CURRENT SERVICE STATE: localhost;SSH;CRITICAL;HARD;4;connect to address 127.0.0.1 and port 22: Connection refused
[1506398400] CURRENT SERVICE STATE: localhost;Swap Usage;OK;HARD;1;SWAP OK - 100% free (2045 MB out of 2045 MB)
[1506398400] CURRENT SERVICE STATE: localhost;Total Processes;OK;HARD;1;PROCS OK: 53 processes with STATE = RSZDT
[1506399209] Auto-save of retention data completed successfully.
[1506402809] Auto-save of retention data completed successfully.
[1506406409] Auto-save of retention data completed successfully.
[1506410009] Auto-save of retention data completed successfully.
[1506413609] Auto-save of retention data completed successfully.
[1506417209] Auto-save of retention data completed successfully.
[1506420809] Auto-save of retention data completed successfully.
[1506424409] Auto-save of retention data completed successfully.
[1506428008] Auto-save of retention data completed successfully.
[1506431609] Auto-save of retention data completed successfully.
[1506435209] Auto-save of retention data completed successfully.
[1506438809] Auto-save of retention data completed successfully.
[1506442409] Auto-save of retention data completed successfully.
[1506446009] Auto-save of retention data completed successfully.
[1506449609] Auto-save of retention data completed successfully.
[1506453209] Auto-save of retention data completed successfully.
[1506456809] Auto-save of retention data completed successfully.
[1506460409] Auto-save of retention data completed successfully.
[1506464009] Auto-save of retention data completed successfully.
[1506467609] Auto-save of retention data completed successfully.
[1506471209] Auto-save of retention data completed successfully.
[1506474809] Auto-save of retention data completed successfully.
[1506478409] Auto-save of retention data completed successfully.
[1506482009] Auto-save of retention data completed successfully.
