[1506484800] LOG ROTATION: DAILY
[1506484800] LOG VERSION: 2.0
[1506484800] CURRENT HOST STATE: localhost;UP;HARD;1;PING OK - Packet loss = 0%, RTA = 0.12 ms
[1506484800] CURRENT SERVICE STATE: localhost;Current Load;OK;HARD;1;OK - load average: 0.02, 0.02, 0.00
[1506484800] CURRENT SERVICE STATE: localhost;Current Users;OK;HARD;1;USERS OK - 1 users currently logged in
[1506484800] CURRENT SERVICE STATE: localhost;HTTP;OK;HARD;1;HTTP OK: HTTP/1.1 200 OK - 11595 bytes in 0.001 second response time
[1506484800] CURRENT SERVICE STATE: localhost;PING;OK;HARD;1;PING OK - Packet loss = 0%, RTA = 0.12 ms
[1506484800] CURRENT SERVICE STATE: localhost;Root Partition;OK;HARD;1;DISK OK - free space: / 114010 MB (95.44% inode=97%):
[1506484800] CURRENT SERVICE STATE: localhost;SSH;CRITICAL;HARD;4;connect to address 127.0.0.1 and port 22: Connection refused
[1506484800] CURRENT SERVICE STATE: localhost;Swap Usage;OK;HARD;1;SWAP OK - 100% free (2045 MB out of 2045 MB)
[1506484800] CURRENT SERVICE STATE: localhost;Total Processes;OK;HARD;1;PROCS OK: 54 processes with STATE = RSZDT
[1506485609] Auto-save of retention data completed successfully.
[1506489209] Auto-save of retention data completed successfully.
[1506492809] Auto-save of retention data completed successfully.
[1506496409] Auto-save of retention data completed successfully.
[1506500008] Auto-save of retention data completed successfully.
[1506503609] Auto-save of retention data completed successfully.
[1506507209] Auto-save of retention data completed successfully.
[1506510809] Auto-save of retention data completed successfully.
[1506514409] Auto-save of retention data completed successfully.
[1506518009] Auto-save of retention data completed successfully.
[1506521609] Auto-save of retention data completed successfully.
[1506525209] Auto-save of retention data completed successfully.
[1506528809] Auto-save of retention data completed successfully.
[1506532409] Auto-save of retention data completed successfully.
[1506536009] Auto-save of retention data completed successfully.
[1506539609] Auto-save of retention data completed successfully.
[1506543209] Auto-save of retention data completed successfully.
[1506546809] Auto-save of retention data completed successfully.
[1506550409] Auto-save of retention data completed successfully.
[1506553756] SERVICE ALERT: localhost;SSH;OK;HARD;4;SSH OK - OpenSSH_7.2p2 Ubuntu-4ubuntu2.2 (protocol 2.0)
[1506553920] Caught SIGTERM, shutting down...
[1506553920] Successfully shutdown... (PID=42939)
[1506553920] Event broker module 'NERD' deinitialized successfully.
[1506553941] Nagios 4.3.4 starting... (PID=1261)
[1506553941] Local time is Wed Sep 27 19:12:21 EDT 2017
[1506553941] LOG VERSION: 2.0
[1506553941] qh: Socket '/usr/local/nagios/var/rw/nagios.qh' successfully initialized
[1506553941] qh: core query handler registered
[1506553941] nerd: Channel hostchecks registered successfully
[1506553941] nerd: Channel servicechecks registered successfully
[1506553941] nerd: Channel opathchecks registered successfully
[1506553941] nerd: Fully initialized and ready to rock!
[1506553941] wproc: Successfully registered manager as @wproc with query handler
[1506553941] wproc: Registry request: name=Core Worker 1266;pid=1266
[1506553941] wproc: Registry request: name=Core Worker 1264;pid=1264
[1506553941] wproc: Registry request: name=Core Worker 1267;pid=1267
[1506553941] wproc: Registry request: name=Core Worker 1265;pid=1265
[1506553941] Successfully launched command file worker with pid 1269
[1506554087] Caught SIGTERM, shutting down...
[1506554087] Successfully shutdown... (PID=1261)
[1506554087] Event broker module 'NERD' deinitialized successfully.
[1506554107] Nagios 4.3.4 starting... (PID=1255)
[1506554107] Local time is Wed Sep 27 19:15:07 EDT 2017
[1506554107] LOG VERSION: 2.0
[1506554107] qh: Socket '/usr/local/nagios/var/rw/nagios.qh' successfully initialized
[1506554107] qh: core query handler registered
[1506554107] nerd: Channel hostchecks registered successfully
[1506554107] nerd: Channel servicechecks registered successfully
[1506554107] nerd: Channel opathchecks registered successfully
[1506554107] nerd: Fully initialized and ready to rock!
[1506554107] wproc: Successfully registered manager as @wproc with query handler
[1506554107] wproc: Registry request: name=Core Worker 1259;pid=1259
[1506554107] wproc: Registry request: name=Core Worker 1260;pid=1260
[1506554107] wproc: Registry request: name=Core Worker 1261;pid=1261
[1506554107] wproc: Registry request: name=Core Worker 1258;pid=1258
[1506554107] Successfully launched command file worker with pid 1266
[1506554956] SERVICE ALERT: localhost;SSH;CRITICAL;SOFT;1;connect to address 127.0.0.1 and port 22: Connection refused
[1506555016] SERVICE ALERT: localhost;SSH;CRITICAL;SOFT;2;connect to address 127.0.0.1 and port 22: Connection refused
[1506555076] SERVICE ALERT: localhost;SSH;CRITICAL;SOFT;3;connect to address 127.0.0.1 and port 22: Connection refused
[1506555136] SERVICE ALERT: localhost;SSH;CRITICAL;HARD;4;connect to address 127.0.0.1 and port 22: Connection refused
[1506556036] SERVICE ALERT: localhost;SSH;OK;HARD;4;SSH OK - OpenSSH_7.2p2 Ubuntu-4ubuntu2.2 (protocol 2.0)
[1506557707] Auto-save of retention data completed successfully.
[1506561307] Auto-save of retention data completed successfully.
[1506564907] Auto-save of retention data completed successfully.
[1506568507] Auto-save of retention data completed successfully.
