[1506052800] LOG ROTATION: DAILY
[1506052800] LOG VERSION: 2.0
[1506052800] CURRENT HOST STATE: localhost;UP;HARD;1;PING OK - Packet loss = 0%, RTA = 0.12 ms
[1506052800] CURRENT SERVICE STATE: localhost;Current Load;OK;HARD;1;OK - load average: 0.00, 0.01, 0.00
[1506052800] CURRENT SERVICE STATE: localhost;Current Users;OK;HARD;1;USERS OK - 1 users currently logged in
[1506052800] CURRENT SERVICE STATE: localhost;HTTP;OK;HARD;1;HTTP OK: HTTP/1.1 200 OK - 11595 bytes in 0.001 second response time
[1506052800] CURRENT SERVICE STATE: localhost;PING;OK;HARD;1;PING OK - Packet loss = 0%, RTA = 0.12 ms
[1506052800] CURRENT SERVICE STATE: localhost;Root Partition;OK;HARD;1;DISK OK - free space: / 114010 MB (95.44% inode=97%):
[1506052800] CURRENT SERVICE STATE: localhost;SSH;CRITICAL;HARD;4;connect to address 127.0.0.1 and port 22: Connection refused
[1506052800] CURRENT SERVICE STATE: localhost;Swap Usage;OK;HARD;1;SWAP OK - 100% free (2045 MB out of 2045 MB)
[1506052800] CURRENT SERVICE STATE: localhost;Total Processes;OK;HARD;1;PROCS OK: 54 processes with STATE = RSZDT
[1506053609] Auto-save of retention data completed successfully.
[1506057209] Auto-save of retention data completed successfully.
[1506060809] Auto-save of retention data completed successfully.
[1506064409] Auto-save of retention data completed successfully.
[1506068009] Auto-save of retention data completed successfully.
[1506071609] Auto-save of retention data completed successfully.
[1506075209] Auto-save of retention data completed successfully.
[1506078809] Auto-save of retention data completed successfully.
[1506082409] Auto-save of retention data completed successfully.
[1506086009] Auto-save of retention data completed successfully.
[1506089609] Auto-save of retention data completed successfully.
[1506093209] Auto-save of retention data completed successfully.
[1506096809] Auto-save of retention data completed successfully.
[1506100409] Auto-save of retention data completed successfully.
[1506104009] Auto-save of retention data completed successfully.
[1506107609] Auto-save of retention data completed successfully.
[1506111209] Auto-save of retention data completed successfully.
[1506114809] Auto-save of retention data completed successfully.
[1506118409] Auto-save of retention data completed successfully.
[1506122009] Auto-save of retention data completed successfully.
[1506125609] Auto-save of retention data completed successfully.
[1506129209] Auto-save of retention data completed successfully.
[1506132809] Auto-save of retention data completed successfully.
[1506136409] Auto-save of retention data completed successfully.
