[1506657600] LOG ROTATION: DAILY
[1506657600] LOG VERSION: 2.0
[1506657600] CURRENT HOST STATE: localhost;UP;HARD;1;PING OK - Packet loss = 0%, RTA = 0.10 ms
[1506657600] CURRENT SERVICE STATE: localhost;Current Load;OK;HARD;1;OK - load average: 0.00, 0.00, 0.00
[1506657600] CURRENT SERVICE STATE: localhost;Current Users;OK;HARD;1;USERS OK - 1 users currently logged in
[1506657600] CURRENT SERVICE STATE: localhost;HTTP;OK;HARD;1;HTTP OK: HTTP/1.1 200 OK - 11595 bytes in 0.001 second response time
[1506657600] CURRENT SERVICE STATE: localhost;PING;OK;HARD;1;PING OK - Packet loss = 0%, RTA = 0.09 ms
[1506657600] CURRENT SERVICE STATE: localhost;Root Partition;OK;HARD;1;DISK OK - free space: / 114193 MB (95.60% inode=97%):
[1506657600] CURRENT SERVICE STATE: localhost;SSH;OK;HARD;1;SSH OK - OpenSSH_7.2p2 Ubuntu-4ubuntu2.2 (protocol 2.0)
[1506657600] CURRENT SERVICE STATE: localhost;Swap Usage;OK;HARD;1;SWAP OK - 100% free (2045 MB out of 2045 MB)
[1506657600] CURRENT SERVICE STATE: localhost;Total Processes;OK;HARD;1;PROCS OK: 52 processes with STATE = RSZDT
[1506658507] Auto-save of retention data completed successfully.
[1506662107] Auto-save of retention data completed successfully.
[1506665706] Auto-save of retention data completed successfully.
[1506669307] Auto-save of retention data completed successfully.
[1506672907] Auto-save of retention data completed successfully.
[1506676507] Auto-save of retention data completed successfully.
[1506680107] Auto-save of retention data completed successfully.
[1506683707] Auto-save of retention data completed successfully.
[1506687307] Auto-save of retention data completed successfully.
[1506690907] Auto-save of retention data completed successfully.
[1506694507] Auto-save of retention data completed successfully.
[1506698107] Auto-save of retention data completed successfully.
[1506701707] Auto-save of retention data completed successfully.
[1506705307] Auto-save of retention data completed successfully.
[1506708907] Auto-save of retention data completed successfully.
[1506712507] Auto-save of retention data completed successfully.
[1506716107] Auto-save of retention data completed successfully.
[1506719707] Auto-save of retention data completed successfully.
[1506723307] Auto-save of retention data completed successfully.
[1506726907] Auto-save of retention data completed successfully.
[1506730507] Auto-save of retention data completed successfully.
[1506734107] Auto-save of retention data completed successfully.
[1506737707] Auto-save of retention data completed successfully.
[1506741307] Auto-save of retention data completed successfully.
