[1506744000] LOG ROTATION: DAILY
[1506744000] LOG VERSION: 2.0
[1506744000] CURRENT HOST STATE: localhost;UP;HARD;1;PING OK - Packet loss = 0%, RTA = 0.10 ms
[1506744000] CURRENT SERVICE STATE: localhost;Current Load;OK;HARD;1;OK - load average: 0.00, 0.00, 0.00
[1506744000] CURRENT SERVICE STATE: localhost;Current Users;OK;HARD;1;USERS OK - 1 users currently logged in
[1506744000] CURRENT SERVICE STATE: localhost;HTTP;OK;HARD;1;HTTP OK: HTTP/1.1 200 OK - 11595 bytes in 0.001 second response time
[1506744000] CURRENT SERVICE STATE: localhost;PING;OK;HARD;1;PING OK - Packet loss = 0%, RTA = 0.11 ms
[1506744000] CURRENT SERVICE STATE: localhost;Root Partition;OK;HARD;1;DISK OK - free space: / 114195 MB (95.60% inode=97%):
[1506744000] CURRENT SERVICE STATE: localhost;SSH;OK;HARD;1;SSH OK - OpenSSH_7.2p2 Ubuntu-4ubuntu2.2 (protocol 2.0)
[1506744000] CURRENT SERVICE STATE: localhost;Swap Usage;OK;HARD;1;SWAP OK - 100% free (2045 MB out of 2045 MB)
[1506744000] CURRENT SERVICE STATE: localhost;Total Processes;OK;HARD;1;PROCS OK: 48 processes with STATE = RSZDT
[1506744907] Auto-save of retention data completed successfully.
[1506748507] Auto-save of retention data completed successfully.
[1506752107] Auto-save of retention data completed successfully.
[1506755707] Auto-save of retention data completed successfully.
[1506759307] Auto-save of retention data completed successfully.
[1506762907] Auto-save of retention data completed successfully.
[1506766507] Auto-save of retention data completed successfully.
[1506770107] Auto-save of retention data completed successfully.
[1506773707] Auto-save of retention data completed successfully.
[1506777307] Auto-save of retention data completed successfully.
[1506780907] Auto-save of retention data completed successfully.
[1506784507] Auto-save of retention data completed successfully.
[1506788107] Auto-save of retention data completed successfully.
[1506791707] Auto-save of retention data completed successfully.
[1506795307] Auto-save of retention data completed successfully.
[1506798907] Auto-save of retention data completed successfully.
[1506802507] Auto-save of retention data completed successfully.
[1506806107] Auto-save of retention data completed successfully.
[1506809707] Auto-save of retention data completed successfully.
[1506813307] Auto-save of retention data completed successfully.
[1506816907] Auto-save of retention data completed successfully.
[1506820507] Auto-save of retention data completed successfully.
[1506824107] Auto-save of retention data completed successfully.
[1506827707] Auto-save of retention data completed successfully.
