[1506571200] LOG ROTATION: DAILY
[1506571200] LOG VERSION: 2.0
[1506571200] CURRENT HOST STATE: localhost;UP;HARD;1;PING OK - Packet loss = 0%, RTA = 0.10 ms
[1506571200] CURRENT SERVICE STATE: localhost;Current Load;OK;HARD;1;OK - load average: 0.00, 0.00, 0.00
[1506571200] CURRENT SERVICE STATE: localhost;Current Users;OK;HARD;1;USERS OK - 1 users currently logged in
[1506571200] CURRENT SERVICE STATE: localhost;HTTP;OK;HARD;1;HTTP OK: HTTP/1.1 200 OK - 11595 bytes in 0.001 second response time
[1506571200] CURRENT SERVICE STATE: localhost;PING;OK;HARD;1;PING OK - Packet loss = 0%, RTA = 0.09 ms
[1506571200] CURRENT SERVICE STATE: localhost;Root Partition;OK;HARD;1;DISK OK - free space: / 114191 MB (95.60% inode=97%):
[1506571200] CURRENT SERVICE STATE: localhost;SSH;OK;HARD;1;SSH OK - OpenSSH_7.2p2 Ubuntu-4ubuntu2.2 (protocol 2.0)
[1506571200] CURRENT SERVICE STATE: localhost;Swap Usage;OK;HARD;1;SWAP OK - 100% free (2045 MB out of 2045 MB)
[1506571200] CURRENT SERVICE STATE: localhost;Total Processes;OK;HARD;1;PROCS OK: 50 processes with STATE = RSZDT
[1506572107] Auto-save of retention data completed successfully.
[1506575707] Auto-save of retention data completed successfully.
[1506579307] Auto-save of retention data completed successfully.
[1506582907] Auto-save of retention data completed successfully.
[1506586507] Auto-save of retention data completed successfully.
[1506590107] Auto-save of retention data completed successfully.
[1506593707] Auto-save of retention data completed successfully.
[1506597307] Auto-save of retention data completed successfully.
[1506600907] Auto-save of retention data completed successfully.
[1506604507] Auto-save of retention data completed successfully.
[1506608107] Auto-save of retention data completed successfully.
[1506611707] Auto-save of retention data completed successfully.
[1506615307] Auto-save of retention data completed successfully.
[1506618907] Auto-save of retention data completed successfully.
[1506622507] Auto-save of retention data completed successfully.
[1506626107] Auto-save of retention data completed successfully.
[1506629707] Auto-save of retention data completed successfully.
[1506633307] Auto-save of retention data completed successfully.
[1506636907] Auto-save of retention data completed successfully.
[1506640507] Auto-save of retention data completed successfully.
[1506644107] Auto-save of retention data completed successfully.
[1506647707] Auto-save of retention data completed successfully.
[1506651307] Auto-save of retention data completed successfully.
[1506654907] Auto-save of retention data completed successfully.
