[1506830400] LOG ROTATION: DAILY
[1506830400] LOG VERSION: 2.0
[1506830400] CURRENT HOST STATE: localhost;UP;HARD;1;PING OK - Packet loss = 0%, RTA = 0.09 ms
[1506830400] CURRENT SERVICE STATE: localhost;Current Load;OK;HARD;1;OK - load average: 0.00, 0.00, 0.00
[1506830400] CURRENT SERVICE STATE: localhost;Current Users;OK;HARD;1;USERS OK - 1 users currently logged in
[1506830400] CURRENT SERVICE STATE: localhost;HTTP;OK;HARD;1;HTTP OK: HTTP/1.1 200 OK - 11595 bytes in 0.001 second response time
[1506830400] CURRENT SERVICE STATE: localhost;PING;OK;HARD;1;PING OK - Packet loss = 0%, RTA = 0.09 ms
[1506830400] CURRENT SERVICE STATE: localhost;Root Partition;OK;HARD;1;DISK OK - free space: / 114195 MB (95.60% inode=97%):
[1506830400] CURRENT SERVICE STATE: localhost;SSH;OK;HARD;1;SSH OK - OpenSSH_7.2p2 Ubuntu-4ubuntu2.2 (protocol 2.0)
[1506830400] CURRENT SERVICE STATE: localhost;Swap Usage;OK;HARD;1;SWAP OK - 100% free (2045 MB out of 2045 MB)
[1506830400] CURRENT SERVICE STATE: localhost;Total Processes;OK;HARD;1;PROCS OK: 48 processes with STATE = RSZDT
[1506831307] Auto-save of retention data completed successfully.
[1506834907] Auto-save of retention data completed successfully.
[1506838507] Auto-save of retention data completed successfully.
[1506842107] Auto-save of retention data completed successfully.
[1506845707] Auto-save of retention data completed successfully.
[1506849307] Auto-save of retention data completed successfully.
[1506852907] Auto-save of retention data completed successfully.
[1506856507] Auto-save of retention data completed successfully.
[1506860107] Auto-save of retention data completed successfully.
[1506863707] Auto-save of retention data completed successfully.
[1506867307] Auto-save of retention data completed successfully.
[1506870907] Auto-save of retention data completed successfully.
[1506874507] Auto-save of retention data completed successfully.
[1506878107] Auto-save of retention data completed successfully.
[1506881707] Auto-save of retention data completed successfully.
[1506885307] Auto-save of retention data completed successfully.
[1506888907] Auto-save of retention data completed successfully.
[1506892507] Auto-save of retention data completed successfully.
[1506896107] Auto-save of retention data completed successfully.
[1506899707] Auto-save of retention data completed successfully.
[1506903307] Auto-save of retention data completed successfully.
[1506906907] Auto-save of retention data completed successfully.
[1506910507] Auto-save of retention data completed successfully.
[1506914107] Auto-save of retention data completed successfully.
