[1506312000] LOG ROTATION: DAILY
[1506312000] LOG VERSION: 2.0
[1506312000] CURRENT HOST STATE: localhost;UP;HARD;1;PING OK - Packet loss = 0%, RTA = 0.12 ms
[1506312000] CURRENT SERVICE STATE: localhost;Current Load;OK;HARD;1;OK - load average: 0.01, 0.02, 0.00
[1506312000] CURRENT SERVICE STATE: localhost;Current Users;OK;HARD;1;USERS OK - 1 users currently logged in
[1506312000] CURRENT SERVICE STATE: localhost;HTTP;OK;HARD;1;HTTP OK: HTTP/1.1 200 OK - 11595 bytes in 0.001 second response time
[1506312000] CURRENT SERVICE STATE: localhost;PING;OK;HARD;1;PING OK - Packet loss = 0%, RTA = 0.11 ms
[1506312000] CURRENT SERVICE STATE: localhost;Root Partition;OK;HARD;1;DISK OK - free space: / 114012 MB (95.45% inode=97%):
[1506312000] CURRENT SERVICE STATE: localhost;SSH;CRITICAL;HARD;4;connect to address 127.0.0.1 and port 22: Connection refused
[1506312000] CURRENT SERVICE STATE: localhost;Swap Usage;OK;HARD;1;SWAP OK - 100% free (2045 MB out of 2045 MB)
[1506312000] CURRENT SERVICE STATE: localhost;Total Processes;OK;HARD;1;PROCS OK: 54 processes with STATE = RSZDT
[1506312809] Auto-save of retention data completed successfully.
[1506316409] Auto-save of retention data completed successfully.
[1506320009] Auto-save of retention data completed successfully.
[1506323609] Auto-save of retention data completed successfully.
[1506327209] Auto-save of retention data completed successfully.
[1506330809] Auto-save of retention data completed successfully.
[1506334409] Auto-save of retention data completed successfully.
[1506338009] Auto-save of retention data completed successfully.
[1506341609] Auto-save of retention data completed successfully.
[1506345209] Auto-save of retention data completed successfully.
[1506348809] Auto-save of retention data completed successfully.
[1506352409] Auto-save of retention data completed successfully.
[1506356009] Auto-save of retention data completed successfully.
[1506359609] Auto-save of retention data completed successfully.
[1506363209] Auto-save of retention data completed successfully.
[1506366809] Auto-save of retention data completed successfully.
[1506370409] Auto-save of retention data completed successfully.
[1506374009] Auto-save of retention data completed successfully.
[1506377609] Auto-save of retention data completed successfully.
[1506381209] Auto-save of retention data completed successfully.
[1506384809] Auto-save of retention data completed successfully.
[1506388409] Auto-save of retention data completed successfully.
[1506392009] Auto-save of retention data completed successfully.
[1506395609] Auto-save of retention data completed successfully.
