[1508040000] LOG ROTATION: DAILY
[1508040000] LOG VERSION: 2.0
[1508040000] CURRENT HOST STATE: HYDRA;UP;HARD;1;PING OK - Packet loss = 0%, RTA = 0.72 ms
[1508040000] CURRENT HOST STATE: HYDRA-plex;UP;HARD;1;PING OK - Packet loss = 0%, RTA = 0.82 ms
[1508040000] CURRENT HOST STATE: localhost;UP;HARD;1;PING OK - Packet loss = 0%, RTA = 0.12 ms
[1508040000] CURRENT HOST STATE: rt-n66u;UP;HARD;1;PING OK - Packet loss = 0%, RTA = 0.64 ms
[1508040000] CURRENT HOST STATE: topsite;UP;HARD;1;PING OK - Packet loss = 0%, RTA = 0.69 ms
[1508040000] CURRENT SERVICE STATE: HYDRA;C:\ Drive Space;OK;HARD;1;c:\ - total: 156.14 Gb - used: 60.24 Gb (39%) - free 95.90 Gb (61%)
[1508040000] CURRENT SERVICE STATE: HYDRA;CPU Load;OK;HARD;1;CPU Load 8% (5 min average)
[1508040000] CURRENT SERVICE STATE: HYDRA;D:\ Drive Space;OK;HARD;1;d:\ - total: 1519.21 Gb - used: 367.51 Gb (24%) - free 1151.70 Gb (76%)
[1508040000] CURRENT SERVICE STATE: HYDRA;HYDRA Hyper-V Virtual Machine Management;OK;HARD;1;vmms: Started
[1508040000] CURRENT SERVICE STATE: HYDRA;Memory Usage;WARNING;HARD;3;Memory usage: total:37547.67 MB - used: 31799.24 MB (85%) - free: 5748.43 MB (15%)
[1508040000] CURRENT SERVICE STATE: HYDRA;NSClient++ Version;OK;HARD;1;NSClient++ 0.5.0.62 2016-09-14
[1508040000] CURRENT SERVICE STATE: HYDRA;Uptime;OK;HARD;1;System Uptime - 65 day(s) 10 hour(s) 23 minute(s)
[1508040000] CURRENT SERVICE STATE: HYDRA-plex;C:\ Drive Space;OK;HARD;1;c:\ - total: 599.46 Gb - used: 306.55 Gb (51%) - free 292.91 Gb (49%)
[1508040000] CURRENT SERVICE STATE: HYDRA-plex;CPU Load;OK;HARD;1;CPU Load 1% (5 min average)
[1508040000] CURRENT SERVICE STATE: HYDRA-plex;Memory Usage;OK;HARD;1;Memory usage: total:32767.83 MB - used: 3588.46 MB (11%) - free: 29179.37 MB (89%)
[1508040000] CURRENT SERVICE STATE: HYDRA-plex;NSClient++ Version;OK;HARD;1;NSClient++ 0.4.4.23 2016-04-05
[1508040000] CURRENT SERVICE STATE: HYDRA-plex;Plex Media server;OK;HARD;1;Plex Media Server.exe: Running
[1508040000] CURRENT SERVICE STATE: HYDRA-plex;Plex update service;OK;HARD;1;Plex Update Service: Started
[1508040000] CURRENT SERVICE STATE: HYDRA-plex;Uptime;OK;HARD;1;System Uptime - 7 day(s) 8 hour(s) 46 minute(s)
[1508040000] CURRENT SERVICE STATE: localhost;Current Load;OK;HARD;1;OK - load average: 0.02, 0.03, 0.00
[1508040000] CURRENT SERVICE STATE: localhost;Current Users;OK;HARD;1;USERS OK - 4 users currently logged in
[1508040000] CURRENT SERVICE STATE: localhost;HTTP;OK;HARD;1;HTTP OK: HTTP/1.1 200 OK - 11595 bytes in 0.001 second response time
[1508040000] CURRENT SERVICE STATE: localhost;PING;OK;HARD;1;PING OK - Packet loss = 0%, RTA = 0.11 ms
[1508040000] CURRENT SERVICE STATE: localhost;Root Partition;OK;HARD;1;DISK OK - free space: / 113242 MB (94% inode=95%):
[1508040000] CURRENT SERVICE STATE: localhost;SSH;OK;HARD;1;SSH OK - OpenSSH_7.2p2 Ubuntu-4ubuntu2.2 (protocol 2.0)
[1508040000] CURRENT SERVICE STATE: localhost;Swap Usage;OK;HARD;1;SWAP OK - 100% free (2045 MB out of 2045 MB)
[1508040000] CURRENT SERVICE STATE: localhost;Total Processes;OK;HARD;1;PROCS OK: 58 processes with STATE = RSZDT
[1508040000] CURRENT SERVICE STATE: rt-n66u;Checking swap space alert;OK;HARD;1;SNMP OK - "Running out of swap space (0)"
[1508040000] CURRENT SERVICE STATE: rt-n66u;PING;OK;HARD;1;PING OK - Packet loss = 0%, RTA = 0.58 ms
[1508040000] CURRENT SERVICE STATE: rt-n66u;Received WAN Traffic;OK;HARD;1;SNMP OK - 1389389130
[1508040000] CURRENT SERVICE STATE: rt-n66u;Sent WAN Traffic;OK;HARD;1;SNMP OK - 4094756554
[1508040000] CURRENT SERVICE STATE: rt-n66u;UPTIME using plugin snmp;OK;HARD;1;SNMP uptime: 11 days, 4 hours, 37 minutes, 57 seconds : OK
[1508040000] CURRENT SERVICE STATE: topsite;PING;OK;HARD;1;PING OK - Packet loss = 0%, RTA = 0.52 ms
[1508040000] CURRENT SERVICE STATE: topsite;UPTIME using plugin snmp;OK;HARD;1;SNMP uptime: 12 days, 13 hours, 16 minutes, 23 seconds : OK
[1508041033] SERVICE NOTIFICATION: nagiosadmin;HYDRA;Memory Usage;WARNING;notify-service-by-email;Memory usage: total:37547.67 MB - used: 31807.72 MB (85%) - free: 5739.95 MB (15%)
[1508041033] wproc: NOTIFY job 107 from worker Core Worker 64878 is a non-check helper but exited with return code 127
[1508041033] wproc:   host=HYDRA; service=Memory Usage; contact=nagiosadmin
[1508041033] wproc:   early_timeout=0; exited_ok=1; wait_status=32512; error_code=0;
[1508041033] wproc:   stderr line 01: /bin/sh: 1: /bin/mail: not found
[1508041033] wproc:   stderr line 02: /usr/bin/printf: write error: Broken pipe
[1508043010] Auto-save of retention data completed successfully.
[1508044633] SERVICE NOTIFICATION: nagiosadmin;HYDRA;Memory Usage;WARNING;notify-service-by-email;Memory usage: total:37547.67 MB - used: 32031.81 MB (85%) - free: 5515.86 MB (15%)
[1508044633] wproc: NOTIFY job 181 from worker Core Worker 64881 is a non-check helper but exited with return code 127
[1508044633] wproc:   host=HYDRA; service=Memory Usage; contact=nagiosadmin
[1508044633] wproc:   early_timeout=0; exited_ok=1; wait_status=32512; error_code=0;
[1508044633] wproc:   stderr line 01: /bin/sh: 1: /bin/mail: not found
[1508044633] wproc:   stderr line 02: /usr/bin/printf: write error: Broken pipe
[1508046610] Auto-save of retention data completed successfully.
[1508048233] SERVICE NOTIFICATION: nagiosadmin;HYDRA;Memory Usage;WARNING;notify-service-by-email;Memory usage: total:37547.67 MB - used: 31990.58 MB (85%) - free: 5557.09 MB (15%)
[1508048233] wproc: NOTIFY job 255 from worker Core Worker 64879 is a non-check helper but exited with return code 127
[1508048233] wproc:   host=HYDRA; service=Memory Usage; contact=nagiosadmin
[1508048233] wproc:   early_timeout=0; exited_ok=1; wait_status=32512; error_code=0;
[1508048233] wproc:   stderr line 01: /bin/sh: 1: /bin/mail: not found
[1508048233] wproc:   stderr line 02: /usr/bin/printf: write error: Broken pipe
[1508050210] Auto-save of retention data completed successfully.
[1508051833] SERVICE NOTIFICATION: nagiosadmin;HYDRA;Memory Usage;WARNING;notify-service-by-email;Memory usage: total:37547.67 MB - used: 31995.33 MB (85%) - free: 5552.34 MB (15%)
[1508051833] wproc: NOTIFY job 328 from worker Core Worker 64880 is a non-check helper but exited with return code 127
[1508051833] wproc:   host=HYDRA; service=Memory Usage; contact=nagiosadmin
[1508051833] wproc:   early_timeout=0; exited_ok=1; wait_status=32512; error_code=0;
[1508051833] wproc:   stderr line 01: /bin/sh: 1: /bin/mail: not found
[1508051833] wproc:   stderr line 02: /usr/bin/printf: write error: Broken pipe
[1508053810] Auto-save of retention data completed successfully.
[1508055433] SERVICE NOTIFICATION: nagiosadmin;HYDRA;Memory Usage;WARNING;notify-service-by-email;Memory usage: total:37547.67 MB - used: 32005.20 MB (85%) - free: 5542.47 MB (15%)
[1508055433] wproc: NOTIFY job 401 from worker Core Worker 64878 is a non-check helper but exited with return code 127
[1508055433] wproc:   host=HYDRA; service=Memory Usage; contact=nagiosadmin
[1508055433] wproc:   early_timeout=0; exited_ok=1; wait_status=32512; error_code=0;
[1508055433] wproc:   stderr line 01: /bin/sh: 1: /bin/mail: not found
[1508055433] wproc:   stderr line 02: /usr/bin/printf: write error: Broken pipe
[1508057410] Auto-save of retention data completed successfully.
[1508059033] SERVICE NOTIFICATION: nagiosadmin;HYDRA;Memory Usage;WARNING;notify-service-by-email;Memory usage: total:37547.67 MB - used: 32016.18 MB (85%) - free: 5531.49 MB (15%)
[1508059033] wproc: NOTIFY job 475 from worker Core Worker 64880 is a non-check helper but exited with return code 127
[1508059033] wproc:   host=HYDRA; service=Memory Usage; contact=nagiosadmin
[1508059033] wproc:   early_timeout=0; exited_ok=1; wait_status=32512; error_code=0;
[1508059033] wproc:   stderr line 01: /bin/sh: 1: /bin/mail: not found
[1508059033] wproc:   stderr line 02: /usr/bin/printf: write error: Broken pipe
[1508061010] Auto-save of retention data completed successfully.
[1508062633] SERVICE NOTIFICATION: nagiosadmin;HYDRA;Memory Usage;WARNING;notify-service-by-email;Memory usage: total:37547.67 MB - used: 32225.21 MB (86%) - free: 5322.46 MB (14%)
[1508062633] wproc: NOTIFY job 549 from worker Core Worker 64879 is a non-check helper but exited with return code 127
[1508062633] wproc:   host=HYDRA; service=Memory Usage; contact=nagiosadmin
[1508062633] wproc:   early_timeout=0; exited_ok=1; wait_status=32512; error_code=0;
[1508062633] wproc:   stderr line 01: /bin/sh: 1: /bin/mail: not found
[1508062633] wproc:   stderr line 02: /usr/bin/printf: write error: Broken pipe
[1508064610] Auto-save of retention data completed successfully.
[1508066234] SERVICE NOTIFICATION: nagiosadmin;HYDRA;Memory Usage;WARNING;notify-service-by-email;Memory usage: total:37547.67 MB - used: 32238.11 MB (86%) - free: 5309.56 MB (14%)
[1508066234] wproc: NOTIFY job 622 from worker Core Worker 64878 is a non-check helper but exited with return code 127
[1508066234] wproc:   host=HYDRA; service=Memory Usage; contact=nagiosadmin
[1508066234] wproc:   early_timeout=0; exited_ok=1; wait_status=32512; error_code=0;
[1508066234] wproc:   stderr line 01: /bin/sh: 1: /bin/mail: not found
[1508066234] wproc:   stderr line 02: /usr/bin/printf: write error: Broken pipe
[1508068210] Auto-save of retention data completed successfully.
[1508069834] SERVICE NOTIFICATION: nagiosadmin;HYDRA;Memory Usage;WARNING;notify-service-by-email;Memory usage: total:37547.67 MB - used: 32242.86 MB (86%) - free: 5304.81 MB (14%)
[1508069834] wproc: NOTIFY job 696 from worker Core Worker 64880 is a non-check helper but exited with return code 127
[1508069834] wproc:   host=HYDRA; service=Memory Usage; contact=nagiosadmin
[1508069834] wproc:   early_timeout=0; exited_ok=1; wait_status=32512; error_code=0;
[1508069834] wproc:   stderr line 01: /bin/sh: 1: /bin/mail: not found
[1508069834] wproc:   stderr line 02: /usr/bin/printf: write error: Broken pipe
[1508071810] Auto-save of retention data completed successfully.
[1508073434] SERVICE NOTIFICATION: nagiosadmin;HYDRA;Memory Usage;WARNING;notify-service-by-email;Memory usage: total:37547.67 MB - used: 32340.08 MB (86%) - free: 5207.59 MB (14%)
[1508073434] wproc: NOTIFY job 769 from worker Core Worker 64878 is a non-check helper but exited with return code 127
[1508073434] wproc:   host=HYDRA; service=Memory Usage; contact=nagiosadmin
[1508073434] wproc:   early_timeout=0; exited_ok=1; wait_status=32512; error_code=0;
[1508073434] wproc:   stderr line 01: /bin/sh: 1: /bin/mail: not found
[1508073434] wproc:   stderr line 02: /usr/bin/printf: write error: Broken pipe
[1508073724] Caught SIGTERM, shutting down...
[1508073724] Successfully shutdown... (PID=64874)
[1508073724] Event broker module 'NERD' deinitialized successfully.
[1508073867] Nagios 4.3.4 starting... (PID=8276)
[1508073867] Local time is Sun Oct 15 09:24:27 EDT 2017
[1508073867] LOG VERSION: 2.0
[1508073867] qh: Socket '/usr/local/nagios/var/rw/nagios.qh' successfully initialized
[1508073867] qh: core query handler registered
[1508073867] nerd: Channel hostchecks registered successfully
[1508073867] nerd: Channel servicechecks registered successfully
[1508073867] nerd: Channel opathchecks registered successfully
[1508073867] nerd: Fully initialized and ready to rock!
[1508073867] wproc: Successfully registered manager as @wproc with query handler
[1508073867] wproc: Registry request: name=Core Worker 8279;pid=8279
[1508073867] wproc: Registry request: name=Core Worker 8280;pid=8280
[1508073867] wproc: Registry request: name=Core Worker 8278;pid=8278
[1508073867] wproc: Registry request: name=Core Worker 8281;pid=8281
[1508073867] Successfully launched command file worker with pid 8287
[1508073901] EXTERNAL COMMAND: SCHEDULE_FORCED_SVC_CHECK;OMEGA;Uptime;1508073898
[1508074085] Caught SIGTERM, shutting down...
[1508074085] Successfully shutdown... (PID=8276)
[1508074085] Event broker module 'NERD' deinitialized successfully.
[1508074091] Nagios 4.3.4 starting... (PID=8464)
[1508074091] Local time is Sun Oct 15 09:28:11 EDT 2017
[1508074091] LOG VERSION: 2.0
[1508074091] qh: Socket '/usr/local/nagios/var/rw/nagios.qh' successfully initialized
[1508074091] qh: core query handler registered
[1508074091] nerd: Channel hostchecks registered successfully
[1508074091] nerd: Channel servicechecks registered successfully
[1508074091] nerd: Channel opathchecks registered successfully
[1508074091] nerd: Fully initialized and ready to rock!
[1508074091] wproc: Successfully registered manager as @wproc with query handler
[1508074091] wproc: Registry request: name=Core Worker 8468;pid=8468
[1508074091] wproc: Registry request: name=Core Worker 8469;pid=8469
[1508074091] wproc: Registry request: name=Core Worker 8470;pid=8470
[1508074091] wproc: Registry request: name=Core Worker 8467;pid=8467
[1508074091] Successfully launched command file worker with pid 8475
[1508074425] Caught SIGTERM, shutting down...
[1508074425] Successfully shutdown... (PID=8464)
[1508074425] Event broker module 'NERD' deinitialized successfully.
[1508074466] Nagios 4.3.4 starting... (PID=8767)
[1508074466] Local time is Sun Oct 15 09:34:26 EDT 2017
[1508074466] LOG VERSION: 2.0
[1508074466] qh: Socket '/usr/local/nagios/var/rw/nagios.qh' successfully initialized
[1508074466] qh: core query handler registered
[1508074466] nerd: Channel hostchecks registered successfully
[1508074466] nerd: Channel servicechecks registered successfully
[1508074466] nerd: Channel opathchecks registered successfully
[1508074466] nerd: Fully initialized and ready to rock!
[1508074466] wproc: Successfully registered manager as @wproc with query handler
[1508074466] wproc: Registry request: name=Core Worker 8771;pid=8771
[1508074466] wproc: Registry request: name=Core Worker 8770;pid=8770
[1508074466] wproc: Registry request: name=Core Worker 8772;pid=8772
[1508074466] wproc: Registry request: name=Core Worker 8769;pid=8769
[1508074466] Successfully launched command file worker with pid 8779
[1508074536] EXTERNAL COMMAND: SCHEDULE_FORCED_SVC_CHECK;OMEGA;Memory Usage;1508074534
[1508074552] SERVICE ALERT: HYDRA-plex;V:\ Drive Space - Share From Topsite;UNKNOWN;SOFT;1;Free disk space : Invalid drive
[1508074655] Caught SIGTERM, shutting down...
[1508074655] Successfully shutdown... (PID=8767)
[1508074655] Event broker module 'NERD' deinitialized successfully.
[1508074657] Nagios 4.3.4 starting... (PID=9036)
[1508074657] Local time is Sun Oct 15 09:37:37 EDT 2017
[1508074657] LOG VERSION: 2.0
[1508074657] qh: Socket '/usr/local/nagios/var/rw/nagios.qh' successfully initialized
[1508074657] qh: core query handler registered
[1508074657] nerd: Channel hostchecks registered successfully
[1508074657] nerd: Channel servicechecks registered successfully
[1508074657] nerd: Channel opathchecks registered successfully
[1508074657] nerd: Fully initialized and ready to rock!
[1508074657] wproc: Successfully registered manager as @wproc with query handler
[1508074657] wproc: Registry request: name=Core Worker 9040;pid=9040
[1508074657] wproc: Registry request: name=Core Worker 9041;pid=9041
[1508074657] wproc: Registry request: name=Core Worker 9042;pid=9042
[1508074657] wproc: Registry request: name=Core Worker 9039;pid=9039
[1508074657] Successfully launched command file worker with pid 9048
[1508074669] EXTERNAL COMMAND: SCHEDULE_FORCED_SVC_CHECK;HYDRA-plex;V:\ Drive Space - Share From Topsite;1508074668
[1508074669] SERVICE ALERT: HYDRA-plex;V:\ Drive Space - Share From Topsite;UNKNOWN;SOFT;2;NSClient - ERROR: Invalid return from command: check_drivesize
[1508074761] Caught SIGTERM, shutting down...
[1508074761] Successfully shutdown... (PID=9036)
[1508074761] Event broker module 'NERD' deinitialized successfully.
[1508074765] Nagios 4.3.4 starting... (PID=9235)
[1508074765] Local time is Sun Oct 15 09:39:25 EDT 2017
[1508074765] LOG VERSION: 2.0
[1508074765] qh: Socket '/usr/local/nagios/var/rw/nagios.qh' successfully initialized
[1508074765] qh: core query handler registered
[1508074765] nerd: Channel hostchecks registered successfully
[1508074765] nerd: Channel servicechecks registered successfully
[1508074765] nerd: Channel opathchecks registered successfully
[1508074765] nerd: Fully initialized and ready to rock!
[1508074765] wproc: Successfully registered manager as @wproc with query handler
[1508074765] wproc: Registry request: name=Core Worker 9239;pid=9239
[1508074765] wproc: Registry request: name=Core Worker 9240;pid=9240
[1508074765] wproc: Registry request: name=Core Worker 9241;pid=9241
[1508074765] wproc: Registry request: name=Core Worker 9238;pid=9238
[1508074765] Successfully launched command file worker with pid 9246
